Using pre-set license
Built from '2020.3/staging' branch; Version is '2020.3.18f1 (a7d1c678663c) revision 10998214'; Using compiler version '192528614'; Build Type 'Release'
OS: 'Windows 10 Pro; OS build 22000.194; Version 2009; 64bit' Language: 'en' Physical Memory: 16337 MB
BatchMode: 1, IsHumanControllingUs: 0, StartBugReporterOnCrash: 0, Is64bit: 1, IsPro: 0

COMMAND LINE ARGUMENTS:
C:\Program Files\Unity\Hub\Editor\2020.3.18f1\Editor\Unity.exe
-adb2
-batchMode
-noUpm
-name
AssetImportWorker2
-projectPath
C:/Repos/Godspeed/Godspeed
-logFile
Logs/AssetImportWorker2.log
-srvPort
63278
Successfully changed project path to: C:/Repos/Godspeed/Godspeed
C:/Repos/Godspeed/Godspeed
Using Asset Import Pipeline V2.
Refreshing native plugins compatible for Editor in 65.55 ms, found 2 plugins.
Preloading 0 native plugins for Editor in 0.00 ms.
Initialize engine version: 2020.3.18f1 (a7d1c678663c)
[Subsystems] Discovering subsystems at path C:/Program Files/Unity/Hub/Editor/2020.3.18f1/Editor/Data/Resources/UnitySubsystems
[Subsystems] Discovering subsystems at path C:/Repos/Godspeed/Godspeed/Assets
GfxDevice: creating device client; threaded=0
Direct3D:
    Version:  Direct3D 11.0 [level 11.1]
    Renderer: AMD Radeon RX 5700 XT (ID=0x731f)
    Vendor:   
    VRAM:     8151 MB
    Driver:   30.0.13011.1004
Initialize mono
Mono path[0] = 'C:/Program Files/Unity/Hub/Editor/2020.3.18f1/Editor/Data/Managed'
Mono path[1] = 'C:/Program Files/Unity/Hub/Editor/2020.3.18f1/Editor/Data/MonoBleedingEdge/lib/mono/unityjit'
Mono config path = 'C:/Program Files/Unity/Hub/Editor/2020.3.18f1/Editor/Data/MonoBleedingEdge/etc'
Using monoOptions --debugger-agent=transport=dt_socket,embedding=1,server=y,suspend=n,address=127.0.0.1:56420
Begin MonoManager ReloadAssembly
Registering precompiled unity dll's ...
Register platform support module: C:/Program Files/Unity/Hub/Editor/2020.3.18f1/Editor/Data/PlaybackEngines/MacStandaloneSupport/UnityEditor.OSXStandalone.Extensions.dll
Register platform support module: C:/Program Files/Unity/Hub/Editor/2020.3.18f1/Editor/Data/PlaybackEngines/WindowsStandaloneSupport/UnityEditor.WindowsStandalone.Extensions.dll
Register platform support module: C:/Program Files/Unity/Hub/Editor/2020.3.18f1/Editor/Data/PlaybackEngines/LinuxStandaloneSupport/UnityEditor.LinuxStandalone.Extensions.dll
Registered in 0.002243 seconds.
Native extension for LinuxStandalone target not found
Native extension for WindowsStandalone target not found
Native extension for OSXStandalone target not found
Refreshing native plugins compatible for Editor in 66.32 ms, found 2 plugins.
Preloading 0 native plugins for Editor in 0.00 ms.
Mono: successfully reloaded assembly
- Completed reload, in  1.003 seconds
Domain Reload Profiling:
	ReloadAssembly (1003ms)
		BeginReloadAssembly (44ms)
			ExecutionOrderSort (0ms)
			DisableScriptedObjects (0ms)
			BackupInstance (0ms)
			ReleaseScriptingObjects (0ms)
			CreateAndSetChildDomain (1ms)
		EndReloadAssembly (364ms)
			LoadAssemblies (43ms)
			RebuildTransferFunctionScriptingTraits (0ms)
			SetupTypeCache (118ms)
			ReleaseScriptCaches (0ms)
			RebuildScriptCaches (24ms)
			SetupLoadedEditorAssemblies (168ms)
				LogAssemblyErrors (0ms)
				InitializePlatformSupportModulesInManaged (5ms)
				SetLoadedEditorAssemblies (0ms)
				RefreshPlugins (66ms)
				BeforeProcessingInitializeOnLoad (10ms)
				ProcessInitializeOnLoadAttributes (63ms)
				ProcessInitializeOnLoadMethodAttributes (23ms)
				AfterProcessingInitializeOnLoad (0ms)
				EditorAssembliesLoaded (0ms)
			ExecutionOrderSort2 (0ms)
			AwakeInstancesAfterBackupRestoration (0ms)
Platform modules already initialized, skipping
Registering precompiled user dll's ...
Registered in 0.003008 seconds.
Begin MonoManager ReloadAssembly
Native extension for LinuxStandalone target not found
Native extension for WindowsStandalone target not found
Native extension for OSXStandalone target not found
Refreshing native plugins compatible for Editor in 0.57 ms, found 2 plugins.
Preloading 0 native plugins for Editor in 0.00 ms.
Mono: successfully reloaded assembly
- Completed reload, in  1.116 seconds
Domain Reload Profiling:
	ReloadAssembly (1117ms)
		BeginReloadAssembly (116ms)
			ExecutionOrderSort (0ms)
			DisableScriptedObjects (4ms)
			BackupInstance (0ms)
			ReleaseScriptingObjects (0ms)
			CreateAndSetChildDomain (15ms)
		EndReloadAssembly (949ms)
			LoadAssemblies (71ms)
			RebuildTransferFunctionScriptingTraits (0ms)
			SetupTypeCache (228ms)
			ReleaseScriptCaches (1ms)
			RebuildScriptCaches (43ms)
			SetupLoadedEditorAssemblies (532ms)
				LogAssemblyErrors (0ms)
				InitializePlatformSupportModulesInManaged (6ms)
				SetLoadedEditorAssemblies (0ms)
				RefreshPlugins (1ms)
				BeforeProcessingInitializeOnLoad (79ms)
				ProcessInitializeOnLoadAttributes (163ms)
				ProcessInitializeOnLoadMethodAttributes (278ms)
				AfterProcessingInitializeOnLoad (5ms)
				EditorAssembliesLoaded (0ms)
			ExecutionOrderSort2 (0ms)
			AwakeInstancesAfterBackupRestoration (5ms)
Platform modules already initialized, skipping
========================================================================
Worker process is ready to serve import requests
Launched and connected shader compiler UnityShaderCompiler.exe after 0.06 seconds
Refreshing native plugins compatible for Editor in 0.57 ms, found 2 plugins.
Preloading 0 native plugins for Editor in 0.00 ms.
Unloading 2798 Unused Serialized files (Serialized files now loaded: 0)
System memory in use before: 174.1 MB.
System memory in use after: 173.4 MB.

Unloading 31 unused Assets to reduce memory usage. Loaded Objects now: 3246.
Total: 3.905300 ms (FindLiveObjects: 0.408700 ms CreateObjectMapping: 0.144700 ms MarkObjects: 2.719200 ms  DeleteObjects: 0.631600 ms)

AssetImportParameters requested are different than current active one (requested -> active):
  custom:framework-win-MediaFoundation: 216162199b28c13a410421893ffa2e32 -> 
  custom:video-decoder-ogg-theora: a1e56fd34408186e4bbccfd4996cb3dc -> 
  custom:container-muxer-webm: aa71ff27fc2769a1b78a27578f13a17b -> 
  custom:container-demuxer-webm: 4f35f7cbe854078d1ac9338744f61a02 -> 
  custom:container-demuxer-ogg: 62fdf1f143b41e24485cea50d1cbac27 -> 
  custom:video-encoder-webm-vp8: eb34c28f22e8b96e1ab97ce403110664 -> 
  custom:video-decoder-webm-vp8: 9c59270c3fd7afecdb556c50c9e8de78 -> 
  custom:audio-decoder-ogg-vorbis: bf7c407c2cedff20999df2af8eb42d56 -> 
  custom:audio-encoder-webm-vorbis: bf7c407c2cedff20999df2af8eb42d56 -> 
========================================================================
Received Import Request.
  path: Assets/Plugins/Polaris - Low Poly Ecosystem/Polaris - Low Poly Terrain Engine/Editor/Models/Grid0.fbx
  artifactKey: Guid(b0c1d9f1f71dac242bf1e740df1d5daf) Importer(815301076,1909f56bfc062723c751e8b465ee728b)
Start importing Assets/Plugins/Polaris - Low Poly Ecosystem/Polaris - Low Poly Terrain Engine/Editor/Models/Grid0.fbx using Guid(b0c1d9f1f71dac242bf1e740df1d5daf) Importer(815301076,1909f56bfc062723c751e8b465ee728b)  -> (artifact id: '93a7eb659be307e8bc91cb1459e0382b') in 0.132189 seconds 
  Import took 0.136133 seconds .

========================================================================
Received Import Request.
  Time since last request: 0.000156 seconds.
  path: Assets/Plugins/Polaris - Low Poly Ecosystem/Polaris - Low Poly Terrain Engine/Runtime/Materials/Terrain/Builtin_Lambert_GradientLookup.mat
  artifactKey: Guid(6ca99d08d9071df45966feafc8952237) Importer(815301076,1909f56bfc062723c751e8b465ee728b)
Start importing Assets/Plugins/Polaris - Low Poly Ecosystem/Polaris - Low Poly Terrain Engine/Runtime/Materials/Terrain/Builtin_Lambert_GradientLookup.mat using Guid(6ca99d08d9071df45966feafc8952237) Importer(815301076,1909f56bfc062723c751e8b465ee728b)  -> (artifact id: 'beb52a16b4610e9ae8e53cc7cf1c3b29') in 0.034140 seconds 
  Import took 0.037946 seconds .

========================================================================
Received Import Request.
  Time since last request: 0.000149 seconds.
  path: Assets/Plugins/Polaris - Low Poly Ecosystem/Polaris - Low Poly Terrain Engine/Runtime/Materials/Foliage/Builtin_GrassBillboard.mat
  artifactKey: Guid(2902218ab3a8cae43aee73ba8891cdd7) Importer(815301076,1909f56bfc062723c751e8b465ee728b)
Start importing Assets/Plugins/Polaris - Low Poly Ecosystem/Polaris - Low Poly Terrain Engine/Runtime/Materials/Foliage/Builtin_GrassBillboard.mat using Guid(2902218ab3a8cae43aee73ba8891cdd7) Importer(815301076,1909f56bfc062723c751e8b465ee728b)  -> (artifact id: 'ddd52c92dee3678e804de7518544b168') in 0.033332 seconds 
  Import took 0.036806 seconds .

========================================================================
Received Import Request.
  Time since last request: 0.000187 seconds.
  path: Assets/Plugins/Polaris - Low Poly Ecosystem/Polaris - Low Poly Terrain Engine/Runtime/Materials/Foliage/Builtin_Grass.mat
  artifactKey: Guid(aa612f1669a06004ca4c7e53adf49314) Importer(815301076,1909f56bfc062723c751e8b465ee728b)
Start importing Assets/Plugins/Polaris - Low Poly Ecosystem/Polaris - Low Poly Terrain Engine/Runtime/Materials/Foliage/Builtin_Grass.mat using Guid(aa612f1669a06004ca4c7e53adf49314) Importer(815301076,1909f56bfc062723c751e8b465ee728b)  -> (artifact id: '46cf6d233f21ca9be546ebc0ab7bc95d') in 0.028661 seconds 
  Import took 0.033086 seconds .

========================================================================
Received Import Request.
  Time since last request: 0.000144 seconds.
  path: Assets/Plugins/Polaris - Low Poly Ecosystem/Polaris - Low Poly Terrain Engine/Samples/Pinwheel Studio/Materials/ClearSky.mat
  artifactKey: Guid(bb125b51dbbe46242957d1e23a544609) Importer(815301076,1909f56bfc062723c751e8b465ee728b)
Start importing Assets/Plugins/Polaris - Low Poly Ecosystem/Polaris - Low Poly Terrain Engine/Samples/Pinwheel Studio/Materials/ClearSky.mat using Guid(bb125b51dbbe46242957d1e23a544609) Importer(815301076,1909f56bfc062723c751e8b465ee728b)  -> (artifact id: '4e850dbc7776f8b09dd4f46247058a9d') in 0.030043 seconds 
  Import took 0.033664 seconds .

========================================================================
Received Import Request.
  Time since last request: 0.000187 seconds.
  path: Assets/Plugins/Polaris - Low Poly Ecosystem/Polaris - Low Poly Terrain Engine/Samples/Pinwheel Studio/Materials/Cactus.mat
  artifactKey: Guid(a324a9e7defbd0c44b27d4bb0a07de9d) Importer(815301076,1909f56bfc062723c751e8b465ee728b)
Start importing Assets/Plugins/Polaris - Low Poly Ecosystem/Polaris - Low Poly Terrain Engine/Samples/Pinwheel Studio/Materials/Cactus.mat using Guid(a324a9e7defbd0c44b27d4bb0a07de9d) Importer(815301076,1909f56bfc062723c751e8b465ee728b)  -> (artifact id: 'b5f2307bf130b6e873b288d68fbada3d') in 0.018452 seconds 
  Import took 0.022764 seconds .

========================================================================
Received Import Request.
  Time since last request: 0.000152 seconds.
  path: Assets/Plugins/Polaris - Low Poly Ecosystem/Poseidon - Low Poly Water System/Sample/Materials/Buoy.mat
  artifactKey: Guid(c3bdc25b318b4584a95a6152e2a986c8) Importer(815301076,1909f56bfc062723c751e8b465ee728b)
Start importing Assets/Plugins/Polaris - Low Poly Ecosystem/Poseidon - Low Poly Water System/Sample/Materials/Buoy.mat using Guid(c3bdc25b318b4584a95a6152e2a986c8) Importer(815301076,1909f56bfc062723c751e8b465ee728b)  -> (artifact id: '485e46e8d3b7e0d34aca9fb89f641df3') in 0.021890 seconds 
  Import took 0.025851 seconds .

========================================================================
Received Import Request.
  Time since last request: 0.000167 seconds.
  path: Assets/Plugins/Polaris - Low Poly Ecosystem/TextureGraph/Core/Sample/Material/Grass.mat
  artifactKey: Guid(b9755b36839b4204894d5bc86b5c7bb3) Importer(815301076,1909f56bfc062723c751e8b465ee728b)
Start importing Assets/Plugins/Polaris - Low Poly Ecosystem/TextureGraph/Core/Sample/Material/Grass.mat using Guid(b9755b36839b4204894d5bc86b5c7bb3) Importer(815301076,1909f56bfc062723c751e8b465ee728b)  -> (artifact id: '6ca2a2160e9436190b2f0d806fb6a036') in 0.219083 seconds 
  Import took 0.223324 seconds .

========================================================================
Received Import Request.
  Time since last request: 0.000214 seconds.
  path: Assets/Plugins/Polaris - Low Poly Ecosystem/Polaris - Low Poly Terrain Engine/Runtime/Materials/Terrain/Builtin_PBR_4Splats4Normals.mat
  artifactKey: Guid(8b56f8565d18b5a488774ab6a9517931) Importer(815301076,1909f56bfc062723c751e8b465ee728b)
Start importing Assets/Plugins/Polaris - Low Poly Ecosystem/Polaris - Low Poly Terrain Engine/Runtime/Materials/Terrain/Builtin_PBR_4Splats4Normals.mat using Guid(8b56f8565d18b5a488774ab6a9517931) Importer(815301076,1909f56bfc062723c751e8b465ee728b)  -> (artifact id: 'fdf8946afcc830a4f67a1f7cd3ea1438') in 0.041032 seconds 
  Import took 0.044849 seconds .

========================================================================
Received Import Request.
  Time since last request: 0.000181 seconds.
  path: Assets/Plugins/Polaris - Low Poly Ecosystem/Polaris - Low Poly Terrain Engine/Samples/Pinwheel Studio/Materials/BlockyTree.mat
  artifactKey: Guid(f2dbbe3190b796d40a0de9fb6b7473b9) Importer(815301076,1909f56bfc062723c751e8b465ee728b)
Start importing Assets/Plugins/Polaris - Low Poly Ecosystem/Polaris - Low Poly Terrain Engine/Samples/Pinwheel Studio/Materials/BlockyTree.mat using Guid(f2dbbe3190b796d40a0de9fb6b7473b9) Importer(815301076,1909f56bfc062723c751e8b465ee728b)  -> (artifact id: 'dc1c01dc6f5ffb54cd3b415a355cec5b') in 0.092057 seconds 
  Import took 0.095943 seconds .

========================================================================
Received Import Request.
  Time since last request: 0.000157 seconds.
  path: Assets/Plugins/Polaris - Low Poly Ecosystem/Polaris - Low Poly Terrain Engine/Runtime/Materials/Terrain/Builtin_BlinnPhong_GradientLookup.mat
  artifactKey: Guid(a1cb8d0a827b8f94ca1bb7125360c068) Importer(815301076,1909f56bfc062723c751e8b465ee728b)
Start importing Assets/Plugins/Polaris - Low Poly Ecosystem/Polaris - Low Poly Terrain Engine/Runtime/Materials/Terrain/Builtin_BlinnPhong_GradientLookup.mat using Guid(a1cb8d0a827b8f94ca1bb7125360c068) Importer(815301076,1909f56bfc062723c751e8b465ee728b)  -> (artifact id: 'c30487ecdc1605b819337ad871c4076d') in 0.031089 seconds 
  Import took 0.034611 seconds .

========================================================================
Received Import Request.
  Time since last request: 0.000196 seconds.
  path: Assets/Plugins/Polaris - Low Poly Ecosystem/Polaris - Low Poly Terrain Engine/Samples/Pinwheel Studio/Materials/Dust.mat
  artifactKey: Guid(58b50d1c1e3226346af664b510a6317a) Importer(815301076,1909f56bfc062723c751e8b465ee728b)
Start importing Assets/Plugins/Polaris - Low Poly Ecosystem/Polaris - Low Poly Terrain Engine/Samples/Pinwheel Studio/Materials/Dust.mat using Guid(58b50d1c1e3226346af664b510a6317a) Importer(815301076,1909f56bfc062723c751e8b465ee728b)  -> (artifact id: '8fea901f9bb8afec604e99a32af026f0') in 0.041680 seconds 
  Import took 0.045604 seconds .

========================================================================
Received Import Request.
  Time since last request: 0.000178 seconds.
  path: Assets/Plugins/Polaris - Low Poly Ecosystem/Polaris - Low Poly Terrain Engine/Runtime/Materials/Terrain/Builtin_Lambert_4Splats.mat
  artifactKey: Guid(2677bce7416957440ba400abba71f6a9) Importer(815301076,1909f56bfc062723c751e8b465ee728b)
Start importing Assets/Plugins/Polaris - Low Poly Ecosystem/Polaris - Low Poly Terrain Engine/Runtime/Materials/Terrain/Builtin_Lambert_4Splats.mat using Guid(2677bce7416957440ba400abba71f6a9) Importer(815301076,1909f56bfc062723c751e8b465ee728b)  -> (artifact id: 'a28ab5da9b0c0ded6346197db7952048') in 0.029297 seconds 
  Import took 0.032954 seconds .

========================================================================
Received Import Request.
  Time since last request: 0.000148 seconds.
  path: Assets/Plugins/Polaris - Low Poly Ecosystem/Poseidon - Low Poly Water System/Sample/Materials/DaySky.mat
  artifactKey: Guid(dc345957aca76fd4cb4b53a7e5278b36) Importer(815301076,1909f56bfc062723c751e8b465ee728b)
Start importing Assets/Plugins/Polaris - Low Poly Ecosystem/Poseidon - Low Poly Water System/Sample/Materials/DaySky.mat using Guid(dc345957aca76fd4cb4b53a7e5278b36) Importer(815301076,1909f56bfc062723c751e8b465ee728b)  -> (artifact id: '87fd594699f62175d117c04785578525') in 0.342361 seconds 
  Import took 0.347546 seconds .

========================================================================
Received Import Request.
  Time since last request: 0.000146 seconds.
  path: Assets/Plugins/Polaris - Low Poly Ecosystem/Polaris - Low Poly Terrain Engine/Runtime/Materials/Terrain/Builtin_BlinnPhong_VertexColor.mat
  artifactKey: Guid(34801d19551671a4abe7c4eb5d611da5) Importer(815301076,1909f56bfc062723c751e8b465ee728b)
Start importing Assets/Plugins/Polaris - Low Poly Ecosystem/Polaris - Low Poly Terrain Engine/Runtime/Materials/Terrain/Builtin_BlinnPhong_VertexColor.mat using Guid(34801d19551671a4abe7c4eb5d611da5) Importer(815301076,1909f56bfc062723c751e8b465ee728b)  -> (artifact id: '1cb78f15ae93bbfb96f88064282338c4') in 0.029331 seconds 
  Import took 0.033604 seconds .

========================================================================
Received Import Request.
  Time since last request: 0.000178 seconds.
  path: Assets/Plugins/Polaris - Low Poly Ecosystem/Polaris - Low Poly Terrain Engine/Samples/Pinwheel Studio/Materials/DesertSky.mat
  artifactKey: Guid(fb2fb2eaf85fd4f44b78631f2ed4716c) Importer(815301076,1909f56bfc062723c751e8b465ee728b)
Start importing Assets/Plugins/Polaris - Low Poly Ecosystem/Polaris - Low Poly Terrain Engine/Samples/Pinwheel Studio/Materials/DesertSky.mat using Guid(fb2fb2eaf85fd4f44b78631f2ed4716c) Importer(815301076,1909f56bfc062723c751e8b465ee728b)  -> (artifact id: 'db692c799221a23d6a312d81f4cc0b2f') in 0.020853 seconds 
  Import took 0.024766 seconds .

========================================================================
Received Import Request.
  Time since last request: 0.000224 seconds.
  path: Assets/Plugins/Polaris - Low Poly Ecosystem/Polaris - Low Poly Terrain Engine/Samples/Pinwheel Studio/Materials/Cursor.mat
  artifactKey: Guid(916ff5736ef524f498e5da6cfbda1395) Importer(815301076,1909f56bfc062723c751e8b465ee728b)
Start importing Assets/Plugins/Polaris - Low Poly Ecosystem/Polaris - Low Poly Terrain Engine/Samples/Pinwheel Studio/Materials/Cursor.mat using Guid(916ff5736ef524f498e5da6cfbda1395) Importer(815301076,1909f56bfc062723c751e8b465ee728b)  -> (artifact id: 'fddc8be20519cdc9cf43beb7d219cfdd') in 0.024012 seconds 
  Import took 0.027955 seconds .

========================================================================
Received Import Request.
  Time since last request: 0.000150 seconds.
  path: Assets/Plugins/Polaris - Low Poly Ecosystem/Polaris - Low Poly Terrain Engine/Runtime/Materials/Terrain/Builtin_BlinnPhong_4Splats4Normals.mat
  artifactKey: Guid(cefbb481666e7c44f8e159a9408e7115) Importer(815301076,1909f56bfc062723c751e8b465ee728b)
Start importing Assets/Plugins/Polaris - Low Poly Ecosystem/Polaris - Low Poly Terrain Engine/Runtime/Materials/Terrain/Builtin_BlinnPhong_4Splats4Normals.mat using Guid(cefbb481666e7c44f8e159a9408e7115) Importer(815301076,1909f56bfc062723c751e8b465ee728b)  -> (artifact id: '847926d34eb8dd5420855317fcc03648') in 0.033347 seconds 
  Import took 0.037109 seconds .

========================================================================
Received Import Request.
  Time since last request: 0.000151 seconds.
  path: Assets/Plugins/Polaris - Low Poly Ecosystem/Polaris - Low Poly Terrain Engine/Samples/Pinwheel Studio/Materials/AutumnTree1.mat
  artifactKey: Guid(735795f0372b8ed49aea89baa817642d) Importer(815301076,1909f56bfc062723c751e8b465ee728b)
Start importing Assets/Plugins/Polaris - Low Poly Ecosystem/Polaris - Low Poly Terrain Engine/Samples/Pinwheel Studio/Materials/AutumnTree1.mat using Guid(735795f0372b8ed49aea89baa817642d) Importer(815301076,1909f56bfc062723c751e8b465ee728b)  -> (artifact id: 'd160a39896b988d3d5989ce8a37709be') in 0.040832 seconds 
  Import took 0.044474 seconds .

========================================================================
Received Import Request.
  Time since last request: 0.000154 seconds.
  path: Assets/Plugins/Polaris - Low Poly Ecosystem/Polaris - Low Poly Terrain Engine/Runtime/Materials/Terrain/Builtin_Lambert_8Splats.mat
  artifactKey: Guid(a1514d39b149d4242bd583297dcf31bb) Importer(815301076,1909f56bfc062723c751e8b465ee728b)
Start importing Assets/Plugins/Polaris - Low Poly Ecosystem/Polaris - Low Poly Terrain Engine/Runtime/Materials/Terrain/Builtin_Lambert_8Splats.mat using Guid(a1514d39b149d4242bd583297dcf31bb) Importer(815301076,1909f56bfc062723c751e8b465ee728b)  -> (artifact id: 'b6d92fa7173fb55ca1d34b1e5a8d5d9c') in 0.031667 seconds 
  Import took 0.035679 seconds .

========================================================================
Received Import Request.
  Time since last request: 0.000153 seconds.
  path: Assets/Plugins/Polaris - Low Poly Ecosystem/Polaris - Low Poly Terrain Engine/Samples/Pinwheel Studio/Materials/Cloud.mat
  artifactKey: Guid(45c02af2e6a3060439580ee86d37d1fb) Importer(815301076,1909f56bfc062723c751e8b465ee728b)
Start importing Assets/Plugins/Polaris - Low Poly Ecosystem/Polaris - Low Poly Terrain Engine/Samples/Pinwheel Studio/Materials/Cloud.mat using Guid(45c02af2e6a3060439580ee86d37d1fb) Importer(815301076,1909f56bfc062723c751e8b465ee728b)  -> (artifact id: '83a525037b5817fd065dc22e71864835') in 0.054125 seconds 
  Import took 0.058248 seconds .

========================================================================
Received Import Request.
  Time since last request: 0.000152 seconds.
  path: Assets/Plugins/Polaris - Low Poly Ecosystem/Polaris - Low Poly Terrain Engine/Samples/Pinwheel Studio/Materials/AutumnTree2.mat
  artifactKey: Guid(6f0e4c3dd6e1bbc45aec4d7514a897d0) Importer(815301076,1909f56bfc062723c751e8b465ee728b)
Start importing Assets/Plugins/Polaris - Low Poly Ecosystem/Polaris - Low Poly Terrain Engine/Samples/Pinwheel Studio/Materials/AutumnTree2.mat using Guid(6f0e4c3dd6e1bbc45aec4d7514a897d0) Importer(815301076,1909f56bfc062723c751e8b465ee728b)  -> (artifact id: '9d6a056e9d0a1c876a293ddc28abf6a3') in 0.030270 seconds 
  Import took 0.034354 seconds .

========================================================================
Received Import Request.
  Time since last request: 0.000229 seconds.
  path: Assets/Plugins/Polaris - Low Poly Ecosystem/Polaris - Low Poly Terrain Engine/Runtime/Materials/Terrain/Builtin_BlinnPhong_4Splats.mat
  artifactKey: Guid(f16db84b20aeb4b4e9ffb2429f24b831) Importer(815301076,1909f56bfc062723c751e8b465ee728b)
Start importing Assets/Plugins/Polaris - Low Poly Ecosystem/Polaris - Low Poly Terrain Engine/Runtime/Materials/Terrain/Builtin_BlinnPhong_4Splats.mat using Guid(f16db84b20aeb4b4e9ffb2429f24b831) Importer(815301076,1909f56bfc062723c751e8b465ee728b)  -> (artifact id: '933759ec415b78827848797c7877f93f') in 0.036171 seconds 
  Import took 0.040865 seconds .

========================================================================
Received Import Request.
  Time since last request: 0.000169 seconds.
  path: Assets/Plugins/Polaris - Low Poly Ecosystem/Polaris - Low Poly Terrain Engine/Runtime/Materials/Terrain/Builtin_PBR_4Splats.mat
  artifactKey: Guid(1f52eb6ce10e55a4099ae55cc01b119e) Importer(815301076,1909f56bfc062723c751e8b465ee728b)
Start importing Assets/Plugins/Polaris - Low Poly Ecosystem/Polaris - Low Poly Terrain Engine/Runtime/Materials/Terrain/Builtin_PBR_4Splats.mat using Guid(1f52eb6ce10e55a4099ae55cc01b119e) Importer(815301076,1909f56bfc062723c751e8b465ee728b)  -> (artifact id: 'd635c097f672e54549c19d4190a1eb45') in 0.023336 seconds 
  Import took 0.027682 seconds .

========================================================================
Received Import Request.
  Time since last request: 0.000165 seconds.
  path: Assets/Textures/Game/Materials/Grass.mat
  artifactKey: Guid(2c0ba0da8c895b54a98ded3f5aae87f6) Importer(815301076,1909f56bfc062723c751e8b465ee728b)
Start importing Assets/Textures/Game/Materials/Grass.mat using Guid(2c0ba0da8c895b54a98ded3f5aae87f6) Importer(815301076,1909f56bfc062723c751e8b465ee728b)  -> (artifact id: '764287ca7b1344ca9ffc4337baf22354') in 0.019239 seconds 
  Import took 0.022793 seconds .

========================================================================
Received Import Request.
  Time since last request: 0.000167 seconds.
  path: Assets/Plugins/Polaris - Low Poly Ecosystem/Poseidon - Low Poly Water System/Sample/Materials/Demo_2_Terrain.mat
  artifactKey: Guid(c34ef6bf3eed93143b88864ab19344f4) Importer(815301076,1909f56bfc062723c751e8b465ee728b)
Start importing Assets/Plugins/Polaris - Low Poly Ecosystem/Poseidon - Low Poly Water System/Sample/Materials/Demo_2_Terrain.mat using Guid(c34ef6bf3eed93143b88864ab19344f4) Importer(815301076,1909f56bfc062723c751e8b465ee728b)  -> (artifact id: '1a3873cb6ec69d79607b8255484ec7b0') in 0.050851 seconds 
  Import took 0.055050 seconds .

========================================================================
Received Import Request.
  Time since last request: 0.000150 seconds.
  path: Assets/Plugins/Polaris - Low Poly Ecosystem/Polaris - Low Poly Terrain Engine/Runtime/Materials/Terrain/Builtin_PBR_ColorMap.mat
  artifactKey: Guid(41f51d3f1db9c564f80f180db87e3c42) Importer(815301076,1909f56bfc062723c751e8b465ee728b)
Start importing Assets/Plugins/Polaris - Low Poly Ecosystem/Polaris - Low Poly Terrain Engine/Runtime/Materials/Terrain/Builtin_PBR_ColorMap.mat using Guid(41f51d3f1db9c564f80f180db87e3c42) Importer(815301076,1909f56bfc062723c751e8b465ee728b)  -> (artifact id: 'db86777eca75b388686c95d7e4452f36') in 0.034682 seconds 
  Import took 0.038733 seconds .

========================================================================
Received Import Request.
  Time since last request: 0.000185 seconds.
  path: Assets/Plugins/Polaris - Low Poly Ecosystem/Polaris - Low Poly Terrain Engine/Runtime/Materials/Terrain/Builtin_PBR_VertexColor.mat
  artifactKey: Guid(2407d82437383444486716681d0389f7) Importer(815301076,1909f56bfc062723c751e8b465ee728b)
Start importing Assets/Plugins/Polaris - Low Poly Ecosystem/Polaris - Low Poly Terrain Engine/Runtime/Materials/Terrain/Builtin_PBR_VertexColor.mat using Guid(2407d82437383444486716681d0389f7) Importer(815301076,1909f56bfc062723c751e8b465ee728b)  -> (artifact id: 'c1057c03ac81b55b268eafa77d51615e') in 0.034186 seconds 
  Import took 0.038351 seconds .

========================================================================
Received Import Request.
  Time since last request: 0.000159 seconds.
  path: Assets/Plugins/Polaris - Low Poly Ecosystem/Polaris - Low Poly Terrain Engine/Runtime/Materials/Terrain/Builtin_BlinnPhong_ColorMap.mat
  artifactKey: Guid(4dee0dc4ef62127448c318be6eeae99b) Importer(815301076,1909f56bfc062723c751e8b465ee728b)
Start importing Assets/Plugins/Polaris - Low Poly Ecosystem/Polaris - Low Poly Terrain Engine/Runtime/Materials/Terrain/Builtin_BlinnPhong_ColorMap.mat using Guid(4dee0dc4ef62127448c318be6eeae99b) Importer(815301076,1909f56bfc062723c751e8b465ee728b)  -> (artifact id: '9f0bafcac9c188411cd8640cfc2662dc') in 0.027636 seconds 
  Import took 0.031678 seconds .

========================================================================
Received Import Request.
  Time since last request: 0.000176 seconds.
  path: Assets/Plugins/Polaris - Low Poly Ecosystem/Polaris - Low Poly Terrain Engine/Runtime/Materials/Terrain/Builtin_BlinnPhong_8Splats.mat
  artifactKey: Guid(628b460985e13114c94a285d272cd9e0) Importer(815301076,1909f56bfc062723c751e8b465ee728b)
Start importing Assets/Plugins/Polaris - Low Poly Ecosystem/Polaris - Low Poly Terrain Engine/Runtime/Materials/Terrain/Builtin_BlinnPhong_8Splats.mat using Guid(628b460985e13114c94a285d272cd9e0) Importer(815301076,1909f56bfc062723c751e8b465ee728b)  -> (artifact id: '71c7c0610ffeef59e389aa868feef966') in 0.031668 seconds 
  Import took 0.035688 seconds .

========================================================================
Received Import Request.
  Time since last request: 0.000153 seconds.
  path: Assets/Plugins/Polaris - Low Poly Ecosystem/Polaris - Low Poly Terrain Engine/Runtime/Materials/Terrain/Builtin_PBR_GradientLookup.mat
  artifactKey: Guid(7d883601ac0b74542afa362c7a216952) Importer(815301076,1909f56bfc062723c751e8b465ee728b)
Start importing Assets/Plugins/Polaris - Low Poly Ecosystem/Polaris - Low Poly Terrain Engine/Runtime/Materials/Terrain/Builtin_PBR_GradientLookup.mat using Guid(7d883601ac0b74542afa362c7a216952) Importer(815301076,1909f56bfc062723c751e8b465ee728b)  -> (artifact id: 'f8790cb8a30608ebf3c1baefe6c60068') in 0.030259 seconds 
  Import took 0.033882 seconds .

========================================================================
Received Import Request.
  Time since last request: 0.000165 seconds.
  path: Assets/Plugins/Polaris - Low Poly Ecosystem/Polaris - Low Poly Terrain Engine/Runtime/Materials/Terrain/Builtin_Lambert_VertexColor.mat
  artifactKey: Guid(894f9cdf0f8a4514da47a36df86a4352) Importer(815301076,1909f56bfc062723c751e8b465ee728b)
Start importing Assets/Plugins/Polaris - Low Poly Ecosystem/Polaris - Low Poly Terrain Engine/Runtime/Materials/Terrain/Builtin_Lambert_VertexColor.mat using Guid(894f9cdf0f8a4514da47a36df86a4352) Importer(815301076,1909f56bfc062723c751e8b465ee728b)  -> (artifact id: '83aa81bb1b669fcc9a5d806b269983dd') in 0.026831 seconds 
  Import took 0.030646 seconds .

========================================================================
Received Import Request.
  Time since last request: 0.000173 seconds.
  path: Assets/Plugins/Polaris - Low Poly Ecosystem/Polaris - Low Poly Terrain Engine/Samples/Pinwheel Studio/Billboard/Dead/Dead_BillboardMaterial.mat
  artifactKey: Guid(939667913d51b774f98bc9b43644a151) Importer(815301076,1909f56bfc062723c751e8b465ee728b)
Start importing Assets/Plugins/Polaris - Low Poly Ecosystem/Polaris - Low Poly Terrain Engine/Samples/Pinwheel Studio/Billboard/Dead/Dead_BillboardMaterial.mat using Guid(939667913d51b774f98bc9b43644a151) Importer(815301076,1909f56bfc062723c751e8b465ee728b)  -> (artifact id: '9f221a25b1edd28a0cc7175c6eb47a41') in 0.042782 seconds 
  Import took 0.047051 seconds .

========================================================================
Received Import Request.
  Time since last request: 0.000168 seconds.
  path: Assets/Plugins/Polaris - Low Poly Ecosystem/Polaris - Low Poly Terrain Engine/Samples/Pinwheel Studio/Materials/GlowTreasure.mat
  artifactKey: Guid(2ffb3ba28ccb3cb4092e8a96716989ec) Importer(815301076,1909f56bfc062723c751e8b465ee728b)
Start importing Assets/Plugins/Polaris - Low Poly Ecosystem/Polaris - Low Poly Terrain Engine/Samples/Pinwheel Studio/Materials/GlowTreasure.mat using Guid(2ffb3ba28ccb3cb4092e8a96716989ec) Importer(815301076,1909f56bfc062723c751e8b465ee728b)  -> (artifact id: '219b90eff91326a1c54b40a01eae3da3') in 0.020527 seconds 
  Import took 0.024426 seconds .

========================================================================
Received Import Request.
  Time since last request: 0.000159 seconds.
  path: Assets/Plugins/Polaris - Low Poly Ecosystem/Polaris - Low Poly Terrain Engine/Samples/Pinwheel Studio/Materials/Grass.mat
  artifactKey: Guid(cfac032abf2c9e245b995788c270bcf6) Importer(815301076,1909f56bfc062723c751e8b465ee728b)
Start importing Assets/Plugins/Polaris - Low Poly Ecosystem/Polaris - Low Poly Terrain Engine/Samples/Pinwheel Studio/Materials/Grass.mat using Guid(cfac032abf2c9e245b995788c270bcf6) Importer(815301076,1909f56bfc062723c751e8b465ee728b)  -> (artifact id: '6bb6954b23a4d97bfba76bb9954e0474') in 0.019418 seconds 
  Import took 0.023149 seconds .

========================================================================
Received Import Request.
  Time since last request: 0.000151 seconds.
  path: Assets/Plugins/TextMesh Pro/Fonts/LiberationSans.ttf
  artifactKey: Guid(e3265ab4bf004d28a9537516768c1c75) Importer(815301076,1909f56bfc062723c751e8b465ee728b)
Start importing Assets/Plugins/TextMesh Pro/Fonts/LiberationSans.ttf using Guid(e3265ab4bf004d28a9537516768c1c75) Importer(815301076,1909f56bfc062723c751e8b465ee728b)  -> (artifact id: 'a31d09850e079c4c77073532874e4c7b') in 0.028262 seconds 
  Import took 0.032426 seconds .

========================================================================
Received Import Request.
  Time since last request: 0.000162 seconds.
  path: Assets/Plugins/Polaris - Low Poly Ecosystem/Polaris - Low Poly Terrain Engine/Runtime/Materials/Terrain/Builtin_PBR_8Splats.mat
  artifactKey: Guid(09444822d81fc16418d0e347310de385) Importer(815301076,1909f56bfc062723c751e8b465ee728b)
Start importing Assets/Plugins/Polaris - Low Poly Ecosystem/Polaris - Low Poly Terrain Engine/Runtime/Materials/Terrain/Builtin_PBR_8Splats.mat using Guid(09444822d81fc16418d0e347310de385) Importer(815301076,1909f56bfc062723c751e8b465ee728b)  -> (artifact id: 'fc7d24030e638cde7ac1b91103a6b312') in 0.041646 seconds 
  Import took 0.045095 seconds .

========================================================================
Received Import Request.
  Time since last request: 0.000166 seconds.
  path: Assets/Plugins/Polaris - Low Poly Ecosystem/Polaris - Low Poly Terrain Engine/Runtime/Materials/Terrain/Builtin_Lambert_ColorMap.mat
  artifactKey: Guid(faae3a3906a420d4091b5786d1a6c15a) Importer(815301076,1909f56bfc062723c751e8b465ee728b)
Start importing Assets/Plugins/Polaris - Low Poly Ecosystem/Polaris - Low Poly Terrain Engine/Runtime/Materials/Terrain/Builtin_Lambert_ColorMap.mat using Guid(faae3a3906a420d4091b5786d1a6c15a) Importer(815301076,1909f56bfc062723c751e8b465ee728b)  -> (artifact id: '10d979d18a6998c4e3f91f8fde8a1135') in 0.028586 seconds 
  Import took 0.032706 seconds .

========================================================================
Received Import Request.
  Time since last request: 0.000144 seconds.
  path: Assets/Plugins/Polaris - Low Poly Ecosystem/Polaris - Low Poly Terrain Engine/Runtime/Materials/Tool/BillboardCreatorNormal.mat
  artifactKey: Guid(9a11355ff1f8b8d4a86ba7f482824cf8) Importer(815301076,1909f56bfc062723c751e8b465ee728b)
Start importing Assets/Plugins/Polaris - Low Poly Ecosystem/Polaris - Low Poly Terrain Engine/Runtime/Materials/Tool/BillboardCreatorNormal.mat using Guid(9a11355ff1f8b8d4a86ba7f482824cf8) Importer(815301076,1909f56bfc062723c751e8b465ee728b)  -> (artifact id: '60c02c91fe4a9c293553035ae17ef5b7') in 0.014811 seconds 
  Import took 0.018755 seconds .

========================================================================
Received Import Request.
  Time since last request: 0.000168 seconds.
  path: Assets/Plugins/Polaris - Low Poly Ecosystem/Polaris - Low Poly Terrain Engine/Runtime/Materials/Tool/BillboardCreatorAtlas.mat
  artifactKey: Guid(81ff27138fbe35e43b791b7088cbfa98) Importer(815301076,1909f56bfc062723c751e8b465ee728b)
Start importing Assets/Plugins/Polaris - Low Poly Ecosystem/Polaris - Low Poly Terrain Engine/Runtime/Materials/Tool/BillboardCreatorAtlas.mat using Guid(81ff27138fbe35e43b791b7088cbfa98) Importer(815301076,1909f56bfc062723c751e8b465ee728b)  -> (artifact id: '9905e550f7e77515a0ff1ead7bc6f196') in 0.014442 seconds 
  Import took 0.018248 seconds .

========================================================================
Received Import Request.
  Time since last request: 0.000172 seconds.
  path: Assets/Plugins/Polaris - Low Poly Ecosystem/Polaris - Low Poly Terrain Engine/Samples/Pinwheel Studio/Materials/DesertDust.mat
  artifactKey: Guid(b7f1bd7d70a00a74bb5ffa746b928e7c) Importer(815301076,1909f56bfc062723c751e8b465ee728b)
Start importing Assets/Plugins/Polaris - Low Poly Ecosystem/Polaris - Low Poly Terrain Engine/Samples/Pinwheel Studio/Materials/DesertDust.mat using Guid(b7f1bd7d70a00a74bb5ffa746b928e7c) Importer(815301076,1909f56bfc062723c751e8b465ee728b)  -> (artifact id: '7ad49af2bfde870b264ad6375a47bfe0') in 0.023211 seconds 
  Import took 0.027654 seconds .

========================================================================
Received Import Request.
  Time since last request: 0.000151 seconds.
  path: Assets/Plugins/Polaris - Low Poly Ecosystem/Polaris - Low Poly Terrain Engine/Runtime/Materials/Tool/GrassPreviewMaterial.mat
  artifactKey: Guid(800466453016ed44eada17f86b6b443c) Importer(815301076,1909f56bfc062723c751e8b465ee728b)
Start importing Assets/Plugins/Polaris - Low Poly Ecosystem/Polaris - Low Poly Terrain Engine/Runtime/Materials/Tool/GrassPreviewMaterial.mat using Guid(800466453016ed44eada17f86b6b443c) Importer(815301076,1909f56bfc062723c751e8b465ee728b)  -> (artifact id: 'aef71adb8e1ec88f3ed9d3898f71a0fc') in 0.042673 seconds 
  Import took 0.046450 seconds .

========================================================================
Received Import Request.
  Time since last request: 0.000187 seconds.
  path: Assets/Plugins/Polaris - Low Poly Ecosystem/Poseidon - Low Poly Water System/Runtime/Default Profiles/CalmWaterHQ.asset
  artifactKey: Guid(21b14b68a65769846a741bdae4363872) Importer(815301076,1909f56bfc062723c751e8b465ee728b)
Start importing Assets/Plugins/Polaris - Low Poly Ecosystem/Poseidon - Low Poly Water System/Runtime/Default Profiles/CalmWaterHQ.asset using Guid(21b14b68a65769846a741bdae4363872) Importer(815301076,1909f56bfc062723c751e8b465ee728b)  -> (artifact id: '7242280b28b49c752a974dfb6d1241e4') in 0.061886 seconds 
  Import took 0.065782 seconds .

========================================================================
Received Import Request.
  Time since last request: 0.000150 seconds.
  path: Assets/Plugins/Polaris - Low Poly Ecosystem/Polaris - Low Poly Terrain Engine/Runtime/Materials/Foliage/Builtin_GrassInteractive.mat
  artifactKey: Guid(2e0b5cbdcfe3d5c408d57601daaa6c3e) Importer(815301076,1909f56bfc062723c751e8b465ee728b)
Start importing Assets/Plugins/Polaris - Low Poly Ecosystem/Polaris - Low Poly Terrain Engine/Runtime/Materials/Foliage/Builtin_GrassInteractive.mat using Guid(2e0b5cbdcfe3d5c408d57601daaa6c3e) Importer(815301076,1909f56bfc062723c751e8b465ee728b)  -> (artifact id: 'd2a044061bc7646fe7c923cbb9be5b1a') in 0.031728 seconds 
  Import took 0.035214 seconds .

========================================================================
Received Import Request.
  Time since last request: 0.000167 seconds.
  path: Assets/Plugins/Polaris - Low Poly Ecosystem/Poseidon - Low Poly Water System/Runtime/Default Profiles/CalmWater.asset
  artifactKey: Guid(d3c2920f79d439448b18590d217ce856) Importer(815301076,1909f56bfc062723c751e8b465ee728b)
Start importing Assets/Plugins/Polaris - Low Poly Ecosystem/Poseidon - Low Poly Water System/Runtime/Default Profiles/CalmWater.asset using Guid(d3c2920f79d439448b18590d217ce856) Importer(815301076,1909f56bfc062723c751e8b465ee728b)  -> (artifact id: 'be8ff620d4932e5b50ec851f6a48f87d') in 0.057637 seconds 
  Import took 0.061555 seconds .

========================================================================
Received Import Request.
  Time since last request: 0.000162 seconds.
  path: Assets/Plugins/Polaris - Low Poly Ecosystem/Polaris - Low Poly Terrain Engine/Runtime/Materials/Terrain/Builtin_Lambert_4Splats4Normals.mat
  artifactKey: Guid(a76fdd1ddd41bf94ab44298fbf40b65c) Importer(815301076,1909f56bfc062723c751e8b465ee728b)
Start importing Assets/Plugins/Polaris - Low Poly Ecosystem/Polaris - Low Poly Terrain Engine/Runtime/Materials/Terrain/Builtin_Lambert_4Splats4Normals.mat using Guid(a76fdd1ddd41bf94ab44298fbf40b65c) Importer(815301076,1909f56bfc062723c751e8b465ee728b)  -> (artifact id: '19e130fa7f40efacb5fd2f18047af85b') in 0.031338 seconds 
  Import took 0.034775 seconds .

========================================================================
Received Import Request.
  Time since last request: 0.000147 seconds.
  path: Assets/Plugins/Polaris - Low Poly Ecosystem/Polaris - Low Poly Terrain Engine/Samples/Pinwheel Studio/Materials/GodRay.mat
  artifactKey: Guid(dd48aef983451fe4ca00bb7032b8e9bd) Importer(815301076,1909f56bfc062723c751e8b465ee728b)
Start importing Assets/Plugins/Polaris - Low Poly Ecosystem/Polaris - Low Poly Terrain Engine/Samples/Pinwheel Studio/Materials/GodRay.mat using Guid(dd48aef983451fe4ca00bb7032b8e9bd) Importer(815301076,1909f56bfc062723c751e8b465ee728b)  -> (artifact id: '5775071928067fe31eeda9c559314440') in 0.019947 seconds 
  Import took 0.023360 seconds .

========================================================================
Received Import Request.
  Time since last request: 0.000186 seconds.
  path: Assets/Plugins/Polaris - Low Poly Ecosystem/Polaris - Low Poly Terrain Engine/Runtime/Materials/Foliage/Builtin_TreeBillboard.mat
  artifactKey: Guid(a92985462b1b78c4abcb29c9e3d8140f) Importer(815301076,1909f56bfc062723c751e8b465ee728b)
Start importing Assets/Plugins/Polaris - Low Poly Ecosystem/Polaris - Low Poly Terrain Engine/Runtime/Materials/Foliage/Builtin_TreeBillboard.mat using Guid(a92985462b1b78c4abcb29c9e3d8140f) Importer(815301076,1909f56bfc062723c751e8b465ee728b)  -> (artifact id: '2d97de7306fc06b966a3798f8daf9aa4') in 0.021466 seconds 
  Import took 0.025538 seconds .

========================================================================
Received Import Request.
  Time since last request: 28.213342 seconds.
  path: Assets/Materials/Matte White.mat
  artifactKey: Guid(e5597c1c929cf67408556162e72df73b) Importer(815301076,1909f56bfc062723c751e8b465ee728b)
Start importing Assets/Materials/Matte White.mat using Guid(e5597c1c929cf67408556162e72df73b) Importer(815301076,1909f56bfc062723c751e8b465ee728b)  -> (artifact id: '84905d949d485d0de8bc243eab0e7d0c') in 0.012646 seconds 
  Import took 0.016666 seconds .

========================================================================
Received Import Request.
  Time since last request: 1.881568 seconds.
  path: Assets/Materials/Matte White.mat
  artifactKey: Guid(e5597c1c929cf67408556162e72df73b) Importer(815301076,1909f56bfc062723c751e8b465ee728b)
Start importing Assets/Materials/Matte White.mat using Guid(e5597c1c929cf67408556162e72df73b) Importer(815301076,1909f56bfc062723c751e8b465ee728b)  -> (artifact id: 'e31e914954d6407738ef1c8c5049e05c') in 0.007596 seconds 
  Import took 0.011518 seconds .

========================================================================
Received Prepare
Registering precompiled user dll's ...
Registered in 0.003095 seconds.
Begin MonoManager ReloadAssembly
Native extension for LinuxStandalone target not found
Native extension for WindowsStandalone target not found
Native extension for OSXStandalone target not found
Refreshing native plugins compatible for Editor in 0.66 ms, found 2 plugins.
Preloading 0 native plugins for Editor in 0.00 ms.
Mono: successfully reloaded assembly
- Completed reload, in  1.083 seconds
Domain Reload Profiling:
	ReloadAssembly (1083ms)
		BeginReloadAssembly (102ms)
			ExecutionOrderSort (0ms)
			DisableScriptedObjects (3ms)
			BackupInstance (0ms)
			ReleaseScriptingObjects (0ms)
			CreateAndSetChildDomain (34ms)
		EndReloadAssembly (927ms)
			LoadAssemblies (72ms)
			RebuildTransferFunctionScriptingTraits (0ms)
			SetupTypeCache (233ms)
			ReleaseScriptCaches (1ms)
			RebuildScriptCaches (36ms)
			SetupLoadedEditorAssemblies (490ms)
				LogAssemblyErrors (0ms)
				InitializePlatformSupportModulesInManaged (6ms)
				SetLoadedEditorAssemblies (0ms)
				RefreshPlugins (1ms)
				BeforeProcessingInitializeOnLoad (76ms)
				ProcessInitializeOnLoadAttributes (148ms)
				ProcessInitializeOnLoadMethodAttributes (254ms)
				AfterProcessingInitializeOnLoad (5ms)
				EditorAssembliesLoaded (0ms)
			ExecutionOrderSort2 (0ms)
			AwakeInstancesAfterBackupRestoration (5ms)
Platform modules already initialized, skipping
Refreshing native plugins compatible for Editor in 0.56 ms, found 2 plugins.
Preloading 0 native plugins for Editor in 0.00 ms.
Unloading 2583 Unused Serialized files (Serialized files now loaded: 0)
System memory in use before: 157.4 MB.
System memory in use after: 156.7 MB.

Unloading 28 unused Assets to reduce memory usage. Loaded Objects now: 3299.
Total: 3.579900 ms (FindLiveObjects: 0.257800 ms CreateObjectMapping: 0.068200 ms MarkObjects: 2.677500 ms  DeleteObjects: 0.575900 ms)

AssetImportParameters requested are different than current active one (requested -> active):
  custom:framework-win-MediaFoundation: 216162199b28c13a410421893ffa2e32 -> 
  custom:video-decoder-ogg-theora: a1e56fd34408186e4bbccfd4996cb3dc -> 
  custom:container-muxer-webm: aa71ff27fc2769a1b78a27578f13a17b -> 
  custom:container-demuxer-webm: 4f35f7cbe854078d1ac9338744f61a02 -> 
  custom:container-demuxer-ogg: 62fdf1f143b41e24485cea50d1cbac27 -> 
  custom:video-encoder-webm-vp8: eb34c28f22e8b96e1ab97ce403110664 -> 
  custom:video-decoder-webm-vp8: 9c59270c3fd7afecdb556c50c9e8de78 -> 
  custom:audio-decoder-ogg-vorbis: bf7c407c2cedff20999df2af8eb42d56 -> 
  custom:audio-encoder-webm-vorbis: bf7c407c2cedff20999df2af8eb42d56 -> 
========================================================================
Received Import Request.
  Time since last request: 54.977587 seconds.
  path: Assets/Materials/Matte Black.mat
  artifactKey: Guid(e5597c1c929cf67408556162e72df73b) Importer(815301076,1909f56bfc062723c751e8b465ee728b)
Start importing Assets/Materials/Matte Black.mat using Guid(e5597c1c929cf67408556162e72df73b) Importer(815301076,1909f56bfc062723c751e8b465ee728b)  -> (artifact id: 'f18e377689e1f17dfc53166b19b919af') in 0.045875 seconds 
  Import took 0.049940 seconds .

========================================================================
Received Import Request.
  Time since last request: 12.091487 seconds.
  path: Assets/Materials/Matte Black.mat
  artifactKey: Guid(e5597c1c929cf67408556162e72df73b) Importer(815301076,1909f56bfc062723c751e8b465ee728b)
Start importing Assets/Materials/Matte Black.mat using Guid(e5597c1c929cf67408556162e72df73b) Importer(815301076,1909f56bfc062723c751e8b465ee728b)  -> (artifact id: '8d5386dda5efa85e1886ba4687c6b4c7') in 0.007358 seconds 
  Import took 0.011697 seconds .

========================================================================
Received Prepare
Registering precompiled user dll's ...
Registered in 0.003093 seconds.
Begin MonoManager ReloadAssembly
Native extension for LinuxStandalone target not found
Native extension for WindowsStandalone target not found
Native extension for OSXStandalone target not found
Refreshing native plugins compatible for Editor in 0.56 ms, found 2 plugins.
Preloading 0 native plugins for Editor in 0.00 ms.
Mono: successfully reloaded assembly
- Completed reload, in  1.041 seconds
Domain Reload Profiling:
	ReloadAssembly (1041ms)
		BeginReloadAssembly (100ms)
			ExecutionOrderSort (0ms)
			DisableScriptedObjects (3ms)
			BackupInstance (0ms)
			ReleaseScriptingObjects (0ms)
			CreateAndSetChildDomain (31ms)
		EndReloadAssembly (889ms)
			LoadAssemblies (72ms)
			RebuildTransferFunctionScriptingTraits (0ms)
			SetupTypeCache (225ms)
			ReleaseScriptCaches (1ms)
			RebuildScriptCaches (35ms)
			SetupLoadedEditorAssemblies (479ms)
				LogAssemblyErrors (0ms)
				InitializePlatformSupportModulesInManaged (6ms)
				SetLoadedEditorAssemblies (0ms)
				RefreshPlugins (1ms)
				BeforeProcessingInitializeOnLoad (75ms)
				ProcessInitializeOnLoadAttributes (144ms)
				ProcessInitializeOnLoadMethodAttributes (248ms)
				AfterProcessingInitializeOnLoad (5ms)
				EditorAssembliesLoaded (0ms)
			ExecutionOrderSort2 (0ms)
			AwakeInstancesAfterBackupRestoration (6ms)
Platform modules already initialized, skipping
Refreshing native plugins compatible for Editor in 0.57 ms, found 2 plugins.
Preloading 0 native plugins for Editor in 0.00 ms.
Unloading 2583 Unused Serialized files (Serialized files now loaded: 0)
System memory in use before: 157.4 MB.
System memory in use after: 156.7 MB.

Unloading 26 unused Assets to reduce memory usage. Loaded Objects now: 3302.
Total: 3.566800 ms (FindLiveObjects: 0.262600 ms CreateObjectMapping: 0.067300 ms MarkObjects: 2.561300 ms  DeleteObjects: 0.674800 ms)

AssetImportParameters requested are different than current active one (requested -> active):
  custom:framework-win-MediaFoundation: 216162199b28c13a410421893ffa2e32 -> 
  custom:video-decoder-ogg-theora: a1e56fd34408186e4bbccfd4996cb3dc -> 
  custom:container-muxer-webm: aa71ff27fc2769a1b78a27578f13a17b -> 
  custom:container-demuxer-webm: 4f35f7cbe854078d1ac9338744f61a02 -> 
  custom:container-demuxer-ogg: 62fdf1f143b41e24485cea50d1cbac27 -> 
  custom:video-encoder-webm-vp8: eb34c28f22e8b96e1ab97ce403110664 -> 
  custom:video-decoder-webm-vp8: 9c59270c3fd7afecdb556c50c9e8de78 -> 
  custom:audio-decoder-ogg-vorbis: bf7c407c2cedff20999df2af8eb42d56 -> 
  custom:audio-encoder-webm-vorbis: bf7c407c2cedff20999df2af8eb42d56 -> 
========================================================================
Received Prepare
Registering precompiled user dll's ...
Registered in 0.003060 seconds.
Begin MonoManager ReloadAssembly
Native extension for LinuxStandalone target not found
Native extension for WindowsStandalone target not found
Native extension for OSXStandalone target not found
Refreshing native plugins compatible for Editor in 0.67 ms, found 2 plugins.
Preloading 0 native plugins for Editor in 0.00 ms.
Mono: successfully reloaded assembly
- Completed reload, in  1.082 seconds
Domain Reload Profiling:
	ReloadAssembly (1082ms)
		BeginReloadAssembly (105ms)
			ExecutionOrderSort (0ms)
			DisableScriptedObjects (3ms)
			BackupInstance (0ms)
			ReleaseScriptingObjects (0ms)
			CreateAndSetChildDomain (31ms)
		EndReloadAssembly (921ms)
			LoadAssemblies (74ms)
			RebuildTransferFunctionScriptingTraits (0ms)
			SetupTypeCache (238ms)
			ReleaseScriptCaches (1ms)
			RebuildScriptCaches (35ms)
			SetupLoadedEditorAssemblies (493ms)
				LogAssemblyErrors (0ms)
				InitializePlatformSupportModulesInManaged (7ms)
				SetLoadedEditorAssemblies (0ms)
				RefreshPlugins (1ms)
				BeforeProcessingInitializeOnLoad (80ms)
				ProcessInitializeOnLoadAttributes (146ms)
				ProcessInitializeOnLoadMethodAttributes (253ms)
				AfterProcessingInitializeOnLoad (6ms)
				EditorAssembliesLoaded (0ms)
			ExecutionOrderSort2 (0ms)
			AwakeInstancesAfterBackupRestoration (5ms)
Platform modules already initialized, skipping
Refreshing native plugins compatible for Editor in 0.67 ms, found 2 plugins.
Preloading 0 native plugins for Editor in 0.00 ms.
Unloading 2583 Unused Serialized files (Serialized files now loaded: 0)
System memory in use before: 157.4 MB.
System memory in use after: 156.7 MB.

Unloading 26 unused Assets to reduce memory usage. Loaded Objects now: 3304.
Total: 3.599000 ms (FindLiveObjects: 0.283600 ms CreateObjectMapping: 0.061500 ms MarkObjects: 2.541000 ms  DeleteObjects: 0.711800 ms)

AssetImportParameters requested are different than current active one (requested -> active):
  custom:framework-win-MediaFoundation: 216162199b28c13a410421893ffa2e32 -> 
  custom:video-decoder-ogg-theora: a1e56fd34408186e4bbccfd4996cb3dc -> 
  custom:container-muxer-webm: aa71ff27fc2769a1b78a27578f13a17b -> 
  custom:container-demuxer-webm: 4f35f7cbe854078d1ac9338744f61a02 -> 
  custom:container-demuxer-ogg: 62fdf1f143b41e24485cea50d1cbac27 -> 
  custom:video-encoder-webm-vp8: eb34c28f22e8b96e1ab97ce403110664 -> 
  custom:video-decoder-webm-vp8: 9c59270c3fd7afecdb556c50c9e8de78 -> 
  custom:audio-decoder-ogg-vorbis: bf7c407c2cedff20999df2af8eb42d56 -> 
  custom:audio-encoder-webm-vorbis: bf7c407c2cedff20999df2af8eb42d56 -> 
========================================================================
Received Prepare
Registering precompiled user dll's ...
Registered in 0.003098 seconds.
Begin MonoManager ReloadAssembly
Native extension for LinuxStandalone target not found
Native extension for WindowsStandalone target not found
Native extension for OSXStandalone target not found
Refreshing native plugins compatible for Editor in 0.56 ms, found 2 plugins.
Preloading 0 native plugins for Editor in 0.00 ms.
Mono: successfully reloaded assembly
- Completed reload, in  1.053 seconds
Domain Reload Profiling:
	ReloadAssembly (1054ms)
		BeginReloadAssembly (102ms)
			ExecutionOrderSort (0ms)
			DisableScriptedObjects (3ms)
			BackupInstance (0ms)
			ReleaseScriptingObjects (0ms)
			CreateAndSetChildDomain (31ms)
		EndReloadAssembly (900ms)
			LoadAssemblies (72ms)
			RebuildTransferFunctionScriptingTraits (0ms)
			SetupTypeCache (245ms)
			ReleaseScriptCaches (1ms)
			RebuildScriptCaches (35ms)
			SetupLoadedEditorAssemblies (475ms)
				LogAssemblyErrors (0ms)
				InitializePlatformSupportModulesInManaged (6ms)
				SetLoadedEditorAssemblies (0ms)
				RefreshPlugins (1ms)
				BeforeProcessingInitializeOnLoad (72ms)
				ProcessInitializeOnLoadAttributes (141ms)
				ProcessInitializeOnLoadMethodAttributes (250ms)
				AfterProcessingInitializeOnLoad (5ms)
				EditorAssembliesLoaded (0ms)
			ExecutionOrderSort2 (0ms)
			AwakeInstancesAfterBackupRestoration (5ms)
Platform modules already initialized, skipping
Refreshing native plugins compatible for Editor in 0.59 ms, found 2 plugins.
Preloading 0 native plugins for Editor in 0.00 ms.
Unloading 2583 Unused Serialized files (Serialized files now loaded: 0)
System memory in use before: 157.4 MB.
System memory in use after: 156.7 MB.

Unloading 26 unused Assets to reduce memory usage. Loaded Objects now: 3306.
Total: 3.602500 ms (FindLiveObjects: 0.251300 ms CreateObjectMapping: 0.066500 ms MarkObjects: 2.571000 ms  DeleteObjects: 0.712900 ms)

AssetImportParameters requested are different than current active one (requested -> active):
  custom:framework-win-MediaFoundation: 216162199b28c13a410421893ffa2e32 -> 
  custom:video-decoder-ogg-theora: a1e56fd34408186e4bbccfd4996cb3dc -> 
  custom:container-muxer-webm: aa71ff27fc2769a1b78a27578f13a17b -> 
  custom:container-demuxer-webm: 4f35f7cbe854078d1ac9338744f61a02 -> 
  custom:container-demuxer-ogg: 62fdf1f143b41e24485cea50d1cbac27 -> 
  custom:video-encoder-webm-vp8: eb34c28f22e8b96e1ab97ce403110664 -> 
  custom:video-decoder-webm-vp8: 9c59270c3fd7afecdb556c50c9e8de78 -> 
  custom:audio-decoder-ogg-vorbis: bf7c407c2cedff20999df2af8eb42d56 -> 
  custom:audio-encoder-webm-vorbis: bf7c407c2cedff20999df2af8eb42d56 -> 
========================================================================
Received Prepare
Registering precompiled user dll's ...
Registered in 0.004056 seconds.
Begin MonoManager ReloadAssembly
Native extension for LinuxStandalone target not found
Native extension for WindowsStandalone target not found
Native extension for OSXStandalone target not found
Refreshing native plugins compatible for Editor in 0.59 ms, found 2 plugins.
Preloading 0 native plugins for Editor in 0.00 ms.
Mono: successfully reloaded assembly
- Completed reload, in  1.033 seconds
Domain Reload Profiling:
	ReloadAssembly (1034ms)
		BeginReloadAssembly (105ms)
			ExecutionOrderSort (0ms)
			DisableScriptedObjects (3ms)
			BackupInstance (0ms)
			ReleaseScriptingObjects (0ms)
			CreateAndSetChildDomain (30ms)
		EndReloadAssembly (877ms)
			LoadAssemblies (70ms)
			RebuildTransferFunctionScriptingTraits (0ms)
			SetupTypeCache (223ms)
			ReleaseScriptCaches (1ms)
			RebuildScriptCaches (34ms)
			SetupLoadedEditorAssemblies (473ms)
				LogAssemblyErrors (0ms)
				InitializePlatformSupportModulesInManaged (6ms)
				SetLoadedEditorAssemblies (0ms)
				RefreshPlugins (1ms)
				BeforeProcessingInitializeOnLoad (73ms)
				ProcessInitializeOnLoadAttributes (142ms)
				ProcessInitializeOnLoadMethodAttributes (246ms)
				AfterProcessingInitializeOnLoad (6ms)
				EditorAssembliesLoaded (0ms)
			ExecutionOrderSort2 (0ms)
			AwakeInstancesAfterBackupRestoration (5ms)
Platform modules already initialized, skipping
Refreshing native plugins compatible for Editor in 0.58 ms, found 2 plugins.
Preloading 0 native plugins for Editor in 0.00 ms.
Unloading 2583 Unused Serialized files (Serialized files now loaded: 0)
System memory in use before: 157.5 MB.
System memory in use after: 156.8 MB.

Unloading 26 unused Assets to reduce memory usage. Loaded Objects now: 3308.
Total: 3.614800 ms (FindLiveObjects: 0.254100 ms CreateObjectMapping: 0.069300 ms MarkObjects: 2.577100 ms  DeleteObjects: 0.713200 ms)

AssetImportParameters requested are different than current active one (requested -> active):
  custom:framework-win-MediaFoundation: 216162199b28c13a410421893ffa2e32 -> 
  custom:video-decoder-ogg-theora: a1e56fd34408186e4bbccfd4996cb3dc -> 
  custom:container-muxer-webm: aa71ff27fc2769a1b78a27578f13a17b -> 
  custom:container-demuxer-webm: 4f35f7cbe854078d1ac9338744f61a02 -> 
  custom:container-demuxer-ogg: 62fdf1f143b41e24485cea50d1cbac27 -> 
  custom:video-encoder-webm-vp8: eb34c28f22e8b96e1ab97ce403110664 -> 
  custom:video-decoder-webm-vp8: 9c59270c3fd7afecdb556c50c9e8de78 -> 
  custom:audio-decoder-ogg-vorbis: bf7c407c2cedff20999df2af8eb42d56 -> 
  custom:audio-encoder-webm-vorbis: bf7c407c2cedff20999df2af8eb42d56 -> 
========================================================================
Received Prepare
Registering precompiled user dll's ...
Registered in 0.003051 seconds.
Begin MonoManager ReloadAssembly
Native extension for LinuxStandalone target not found
Native extension for WindowsStandalone target not found
Native extension for OSXStandalone target not found
Refreshing native plugins compatible for Editor in 0.57 ms, found 2 plugins.
Preloading 0 native plugins for Editor in 0.00 ms.
Mono: successfully reloaded assembly
- Completed reload, in  1.065 seconds
Domain Reload Profiling:
	ReloadAssembly (1066ms)
		BeginReloadAssembly (95ms)
			ExecutionOrderSort (0ms)
			DisableScriptedObjects (3ms)
			BackupInstance (0ms)
			ReleaseScriptingObjects (0ms)
			CreateAndSetChildDomain (29ms)
		EndReloadAssembly (918ms)
			LoadAssemblies (69ms)
			RebuildTransferFunctionScriptingTraits (0ms)
			SetupTypeCache (236ms)
			ReleaseScriptCaches (1ms)
			RebuildScriptCaches (37ms)
			SetupLoadedEditorAssemblies (493ms)
				LogAssemblyErrors (0ms)
				InitializePlatformSupportModulesInManaged (6ms)
				SetLoadedEditorAssemblies (0ms)
				RefreshPlugins (1ms)
				BeforeProcessingInitializeOnLoad (74ms)
				ProcessInitializeOnLoadAttributes (148ms)
				ProcessInitializeOnLoadMethodAttributes (259ms)
				AfterProcessingInitializeOnLoad (5ms)
				EditorAssembliesLoaded (0ms)
			ExecutionOrderSort2 (0ms)
			AwakeInstancesAfterBackupRestoration (5ms)
Platform modules already initialized, skipping
Refreshing native plugins compatible for Editor in 0.57 ms, found 2 plugins.
Preloading 0 native plugins for Editor in 0.00 ms.
Unloading 2583 Unused Serialized files (Serialized files now loaded: 0)
System memory in use before: 157.5 MB.
System memory in use after: 156.8 MB.

Unloading 26 unused Assets to reduce memory usage. Loaded Objects now: 3310.
Total: 3.602100 ms (FindLiveObjects: 0.253700 ms CreateObjectMapping: 0.065100 ms MarkObjects: 2.566400 ms  DeleteObjects: 0.716200 ms)

AssetImportParameters requested are different than current active one (requested -> active):
  custom:framework-win-MediaFoundation: 216162199b28c13a410421893ffa2e32 -> 
  custom:video-decoder-ogg-theora: a1e56fd34408186e4bbccfd4996cb3dc -> 
  custom:container-muxer-webm: aa71ff27fc2769a1b78a27578f13a17b -> 
  custom:container-demuxer-webm: 4f35f7cbe854078d1ac9338744f61a02 -> 
  custom:container-demuxer-ogg: 62fdf1f143b41e24485cea50d1cbac27 -> 
  custom:video-encoder-webm-vp8: eb34c28f22e8b96e1ab97ce403110664 -> 
  custom:video-decoder-webm-vp8: 9c59270c3fd7afecdb556c50c9e8de78 -> 
  custom:audio-decoder-ogg-vorbis: bf7c407c2cedff20999df2af8eb42d56 -> 
  custom:audio-encoder-webm-vorbis: bf7c407c2cedff20999df2af8eb42d56 -> 
========================================================================
Received Import Request.
  Time since last request: 359.135613 seconds.
  path: Assets/Materials/Sky/Skybox.mat
  artifactKey: Guid(342b691e19db4dd4b91cc29822902490) Importer(815301076,1909f56bfc062723c751e8b465ee728b)
Start importing Assets/Materials/Sky/Skybox.mat using Guid(342b691e19db4dd4b91cc29822902490) Importer(815301076,1909f56bfc062723c751e8b465ee728b)  -> (artifact id: 'fa84475a723ab477cd101697633ec2ce') in 0.047543 seconds 
  Import took 0.051887 seconds .

========================================================================
Received Prepare
Registering precompiled user dll's ...
Registered in 0.003269 seconds.
Begin MonoManager ReloadAssembly
Native extension for LinuxStandalone target not found
Native extension for WindowsStandalone target not found
Native extension for OSXStandalone target not found
Refreshing native plugins compatible for Editor in 0.64 ms, found 2 plugins.
Preloading 0 native plugins for Editor in 0.00 ms.
Mono: successfully reloaded assembly
- Completed reload, in  1.075 seconds
Domain Reload Profiling:
	ReloadAssembly (1075ms)
		BeginReloadAssembly (98ms)
			ExecutionOrderSort (0ms)
			DisableScriptedObjects (3ms)
			BackupInstance (0ms)
			ReleaseScriptingObjects (0ms)
			CreateAndSetChildDomain (32ms)
		EndReloadAssembly (925ms)
			LoadAssemblies (72ms)
			RebuildTransferFunctionScriptingTraits (0ms)
			SetupTypeCache (238ms)
			ReleaseScriptCaches (1ms)
			RebuildScriptCaches (36ms)
			SetupLoadedEditorAssemblies (498ms)
				LogAssemblyErrors (0ms)
				InitializePlatformSupportModulesInManaged (6ms)
				SetLoadedEditorAssemblies (0ms)
				RefreshPlugins (1ms)
				BeforeProcessingInitializeOnLoad (76ms)
				ProcessInitializeOnLoadAttributes (148ms)
				ProcessInitializeOnLoadMethodAttributes (261ms)
				AfterProcessingInitializeOnLoad (6ms)
				EditorAssembliesLoaded (0ms)
			ExecutionOrderSort2 (0ms)
			AwakeInstancesAfterBackupRestoration (5ms)
Platform modules already initialized, skipping
Refreshing native plugins compatible for Editor in 0.57 ms, found 2 plugins.
Preloading 0 native plugins for Editor in 0.00 ms.
Unloading 2583 Unused Serialized files (Serialized files now loaded: 0)
System memory in use before: 157.5 MB.
System memory in use after: 156.8 MB.

Unloading 26 unused Assets to reduce memory usage. Loaded Objects now: 3313.
Total: 3.947000 ms (FindLiveObjects: 0.258000 ms CreateObjectMapping: 0.069700 ms MarkObjects: 2.805100 ms  DeleteObjects: 0.813200 ms)

AssetImportParameters requested are different than current active one (requested -> active):
  custom:framework-win-MediaFoundation: 216162199b28c13a410421893ffa2e32 -> 
  custom:video-decoder-ogg-theora: a1e56fd34408186e4bbccfd4996cb3dc -> 
  custom:container-muxer-webm: aa71ff27fc2769a1b78a27578f13a17b -> 
  custom:container-demuxer-webm: 4f35f7cbe854078d1ac9338744f61a02 -> 
  custom:container-demuxer-ogg: 62fdf1f143b41e24485cea50d1cbac27 -> 
  custom:video-encoder-webm-vp8: eb34c28f22e8b96e1ab97ce403110664 -> 
  custom:video-decoder-webm-vp8: 9c59270c3fd7afecdb556c50c9e8de78 -> 
  custom:audio-decoder-ogg-vorbis: bf7c407c2cedff20999df2af8eb42d56 -> 
  custom:audio-encoder-webm-vorbis: bf7c407c2cedff20999df2af8eb42d56 -> 
========================================================================
Received Import Request.
  Time since last request: 243.677313 seconds.
  path: Assets/Models/RomanPillar.blend
  artifactKey: Guid(c0b51648e78064e419237465db85bd88) Importer(815301076,1909f56bfc062723c751e8b465ee728b)
Start importing Assets/Models/RomanPillar.blend using Guid(c0b51648e78064e419237465db85bd88) Importer(815301076,1909f56bfc062723c751e8b465ee728b)  -> (artifact id: '11e2e09abbe71cd866aec1952f853db0') in 0.099703 seconds 
  Import took 0.104789 seconds .

========================================================================
Received Import Request.
  Time since last request: 0.000150 seconds.
  path: Assets/Models/Sphere.blend
  artifactKey: Guid(757ef9a5020013b428b21541f1ccb1c7) Importer(815301076,1909f56bfc062723c751e8b465ee728b)
Start importing Assets/Models/Sphere.blend using Guid(757ef9a5020013b428b21541f1ccb1c7) Importer(815301076,1909f56bfc062723c751e8b465ee728b)  -> (artifact id: '1c41fd7cdd26ad4d78c903b603f931dd') in 0.018523 seconds 
  Import took 0.022339 seconds .

========================================================================
Received Prepare
Registering precompiled user dll's ...
Registered in 0.003080 seconds.
Begin MonoManager ReloadAssembly
Native extension for LinuxStandalone target not found
Native extension for WindowsStandalone target not found
Native extension for OSXStandalone target not found
Refreshing native plugins compatible for Editor in 0.60 ms, found 2 plugins.
Preloading 0 native plugins for Editor in 0.00 ms.
Mono: successfully reloaded assembly
- Completed reload, in  1.044 seconds
Domain Reload Profiling:
	ReloadAssembly (1044ms)
		BeginReloadAssembly (99ms)
			ExecutionOrderSort (0ms)
			DisableScriptedObjects (3ms)
			BackupInstance (0ms)
			ReleaseScriptingObjects (0ms)
			CreateAndSetChildDomain (32ms)
		EndReloadAssembly (892ms)
			LoadAssemblies (71ms)
			RebuildTransferFunctionScriptingTraits (0ms)
			SetupTypeCache (225ms)
			ReleaseScriptCaches (1ms)
			RebuildScriptCaches (34ms)
			SetupLoadedEditorAssemblies (485ms)
				LogAssemblyErrors (0ms)
				InitializePlatformSupportModulesInManaged (6ms)
				SetLoadedEditorAssemblies (0ms)
				RefreshPlugins (1ms)
				BeforeProcessingInitializeOnLoad (76ms)
				ProcessInitializeOnLoadAttributes (145ms)
				ProcessInitializeOnLoadMethodAttributes (252ms)
				AfterProcessingInitializeOnLoad (6ms)
				EditorAssembliesLoaded (0ms)
			ExecutionOrderSort2 (0ms)
			AwakeInstancesAfterBackupRestoration (5ms)
Platform modules already initialized, skipping
Refreshing native plugins compatible for Editor in 0.56 ms, found 2 plugins.
Preloading 0 native plugins for Editor in 0.00 ms.
Unloading 2583 Unused Serialized files (Serialized files now loaded: 0)
System memory in use before: 157.5 MB.
System memory in use after: 156.8 MB.

Unloading 27 unused Assets to reduce memory usage. Loaded Objects now: 3316.
Total: 3.621100 ms (FindLiveObjects: 0.263800 ms CreateObjectMapping: 0.068600 ms MarkObjects: 2.532200 ms  DeleteObjects: 0.755700 ms)

AssetImportParameters requested are different than current active one (requested -> active):
  custom:framework-win-MediaFoundation: 216162199b28c13a410421893ffa2e32 -> 
  custom:video-decoder-ogg-theora: a1e56fd34408186e4bbccfd4996cb3dc -> 
  custom:container-muxer-webm: aa71ff27fc2769a1b78a27578f13a17b -> 
  custom:container-demuxer-webm: 4f35f7cbe854078d1ac9338744f61a02 -> 
  custom:container-demuxer-ogg: 62fdf1f143b41e24485cea50d1cbac27 -> 
  custom:video-encoder-webm-vp8: eb34c28f22e8b96e1ab97ce403110664 -> 
  custom:video-decoder-webm-vp8: 9c59270c3fd7afecdb556c50c9e8de78 -> 
  custom:audio-decoder-ogg-vorbis: bf7c407c2cedff20999df2af8eb42d56 -> 
  custom:audio-encoder-webm-vorbis: bf7c407c2cedff20999df2af8eb42d56 -> 
========================================================================
Received Prepare
Registering precompiled user dll's ...
Registered in 0.003444 seconds.
Begin MonoManager ReloadAssembly
Native extension for LinuxStandalone target not found
Native extension for WindowsStandalone target not found
Native extension for OSXStandalone target not found
Refreshing native plugins compatible for Editor in 0.61 ms, found 2 plugins.
Preloading 0 native plugins for Editor in 0.00 ms.
Mono: successfully reloaded assembly
- Completed reload, in  1.074 seconds
Domain Reload Profiling:
	ReloadAssembly (1074ms)
		BeginReloadAssembly (97ms)
			ExecutionOrderSort (0ms)
			DisableScriptedObjects (3ms)
			BackupInstance (0ms)
			ReleaseScriptingObjects (0ms)
			CreateAndSetChildDomain (30ms)
		EndReloadAssembly (922ms)
			LoadAssemblies (72ms)
			RebuildTransferFunctionScriptingTraits (0ms)
			SetupTypeCache (231ms)
			ReleaseScriptCaches (1ms)
			RebuildScriptCaches (36ms)
			SetupLoadedEditorAssemblies (502ms)
				LogAssemblyErrors (0ms)
				InitializePlatformSupportModulesInManaged (6ms)
				SetLoadedEditorAssemblies (0ms)
				RefreshPlugins (1ms)
				BeforeProcessingInitializeOnLoad (79ms)
				ProcessInitializeOnLoadAttributes (149ms)
				ProcessInitializeOnLoadMethodAttributes (261ms)
				AfterProcessingInitializeOnLoad (6ms)
				EditorAssembliesLoaded (0ms)
			ExecutionOrderSort2 (0ms)
			AwakeInstancesAfterBackupRestoration (6ms)
Platform modules already initialized, skipping
Refreshing native plugins compatible for Editor in 0.59 ms, found 2 plugins.
Preloading 0 native plugins for Editor in 0.00 ms.
Unloading 2583 Unused Serialized files (Serialized files now loaded: 0)
System memory in use before: 157.5 MB.
System memory in use after: 156.8 MB.

Unloading 26 unused Assets to reduce memory usage. Loaded Objects now: 3318.
Total: 4.083100 ms (FindLiveObjects: 0.319500 ms CreateObjectMapping: 0.062100 ms MarkObjects: 2.959700 ms  DeleteObjects: 0.740000 ms)

AssetImportParameters requested are different than current active one (requested -> active):
  custom:framework-win-MediaFoundation: 216162199b28c13a410421893ffa2e32 -> 
  custom:video-decoder-ogg-theora: a1e56fd34408186e4bbccfd4996cb3dc -> 
  custom:container-muxer-webm: aa71ff27fc2769a1b78a27578f13a17b -> 
  custom:container-demuxer-webm: 4f35f7cbe854078d1ac9338744f61a02 -> 
  custom:container-demuxer-ogg: 62fdf1f143b41e24485cea50d1cbac27 -> 
  custom:video-encoder-webm-vp8: eb34c28f22e8b96e1ab97ce403110664 -> 
  custom:video-decoder-webm-vp8: 9c59270c3fd7afecdb556c50c9e8de78 -> 
  custom:audio-decoder-ogg-vorbis: bf7c407c2cedff20999df2af8eb42d56 -> 
  custom:audio-encoder-webm-vorbis: bf7c407c2cedff20999df2af8eb42d56 -> 
========================================================================
Received Prepare
Registering precompiled user dll's ...
Registered in 0.004510 seconds.
Begin MonoManager ReloadAssembly
Native extension for LinuxStandalone target not found
Native extension for WindowsStandalone target not found
Native extension for OSXStandalone target not found
Refreshing native plugins compatible for Editor in 0.64 ms, found 2 plugins.
Preloading 0 native plugins for Editor in 0.00 ms.
Mono: successfully reloaded assembly
- Completed reload, in  1.227 seconds
Domain Reload Profiling:
	ReloadAssembly (1228ms)
		BeginReloadAssembly (121ms)
			ExecutionOrderSort (0ms)
			DisableScriptedObjects (4ms)
			BackupInstance (0ms)
			ReleaseScriptingObjects (0ms)
			CreateAndSetChildDomain (36ms)
		EndReloadAssembly (1043ms)
			LoadAssemblies (84ms)
			RebuildTransferFunctionScriptingTraits (0ms)
			SetupTypeCache (258ms)
			ReleaseScriptCaches (1ms)
			RebuildScriptCaches (40ms)
			SetupLoadedEditorAssemblies (574ms)
				LogAssemblyErrors (0ms)
				InitializePlatformSupportModulesInManaged (7ms)
				SetLoadedEditorAssemblies (0ms)
				RefreshPlugins (1ms)
				BeforeProcessingInitializeOnLoad (85ms)
				ProcessInitializeOnLoadAttributes (169ms)
				ProcessInitializeOnLoadMethodAttributes (304ms)
				AfterProcessingInitializeOnLoad (6ms)
				EditorAssembliesLoaded (0ms)
			ExecutionOrderSort2 (0ms)
			AwakeInstancesAfterBackupRestoration (6ms)
Platform modules already initialized, skipping
Refreshing native plugins compatible for Editor in 1.24 ms, found 2 plugins.
Preloading 0 native plugins for Editor in 0.00 ms.
Unloading 2583 Unused Serialized files (Serialized files now loaded: 0)
System memory in use before: 157.5 MB.
System memory in use after: 156.8 MB.

Unloading 26 unused Assets to reduce memory usage. Loaded Objects now: 3320.
Total: 4.655200 ms (FindLiveObjects: 0.298600 ms CreateObjectMapping: 0.068300 ms MarkObjects: 3.262200 ms  DeleteObjects: 1.024800 ms)

AssetImportParameters requested are different than current active one (requested -> active):
  custom:framework-win-MediaFoundation: 216162199b28c13a410421893ffa2e32 -> 
  custom:video-decoder-ogg-theora: a1e56fd34408186e4bbccfd4996cb3dc -> 
  custom:container-muxer-webm: aa71ff27fc2769a1b78a27578f13a17b -> 
  custom:container-demuxer-webm: 4f35f7cbe854078d1ac9338744f61a02 -> 
  custom:container-demuxer-ogg: 62fdf1f143b41e24485cea50d1cbac27 -> 
  custom:video-encoder-webm-vp8: eb34c28f22e8b96e1ab97ce403110664 -> 
  custom:video-decoder-webm-vp8: 9c59270c3fd7afecdb556c50c9e8de78 -> 
  custom:audio-decoder-ogg-vorbis: bf7c407c2cedff20999df2af8eb42d56 -> 
  custom:audio-encoder-webm-vorbis: bf7c407c2cedff20999df2af8eb42d56 -> 
AssetImportWorkerClient::OnTransportError - code=2 error=End of file
